SF:lib/constants/rtc_configurations.dart
DA:6,0
DA:7,0
DA:8,0
DA:9,0
DA:39,0
DA:40,0
DA:44,0
DA:49,0
DA:56,0
DA:57,0
LF:10
LH:0
end_of_record
SF:lib/flutter_waterbus_sdk.dart
DA:25,0
DA:26,0
DA:28,0
DA:30,0
DA:33,0
DA:35,0
DA:38,0
DA:40,0
DA:43,0
DA:61,0
DA:62,0
DA:64,0
DA:66,0
DA:67,0
DA:71,0
DA:75,0
DA:80,0
DA:87,0
DA:92,0
DA:99,0
DA:104,0
DA:111,0
DA:112,0
DA:115,0
DA:116,0
DA:120,0
DA:122,0
DA:123,0
DA:126,0
DA:127,0
DA:130,0
DA:131,0
DA:134,0
DA:135,0
DA:138,0
DA:139,0
DA:142,0
DA:143,0
DA:146,0
DA:147,0
DA:150,0
DA:151,0
DA:154,0
DA:155,0
DA:158,0
DA:159,0
DA:162,0
DA:166,0
DA:172,0
DA:173,0
DA:176,0
DA:180,0
DA:183,0
DA:184,0
DA:186,0
DA:187,0
DA:188,0
DA:196,0
DA:197,0
DA:200,0
DA:201,0
DA:204,0
DA:207,0
DA:210,0
DA:213,0
DA:216,0
DA:217,0
DA:220,0
DA:224,0
DA:227,0
DA:232,0
DA:236,0
DA:237,0
DA:240,0
DA:241,0
DA:244,0
DA:245,0
DA:248,0
DA:249,0
DA:252,0
DA:253,0
DA:256,0
DA:260,0
DA:266,0
DA:270,0
DA:276,0
DA:280,0
DA:287,0
DA:292,0
DA:299,0
DA:303,0
DA:306,0
DA:310,0
DA:313,0
DA:314,0
DA:318,0
DA:319,0
DA:322,0
DA:323,0
DA:326,0
DA:327,0
DA:330,0
DA:333,0
DA:334,0
DA:337,0
DA:339,0
DA:340,0
DA:343,0
LF:108
LH:0
end_of_record
SF:lib/constants/status_code.dart
DA:40,0
DA:41,0
LF:2
LH:0
end_of_record
SF:lib/core/api/auth/datasources/auth_local_datasource.dart
DA:20,0
DA:25,0
DA:26,0
DA:29,0
DA:31,0
DA:32,0
DA:35,0
DA:37,0
DA:39,0
DA:41,0
LF:10
LH:0
end_of_record
SF:lib/core/api/auth/datasources/auth_remote_datasource.dart
DA:23,0
DA:25,0
DA:27,0
DA:29,0
DA:34,0
DA:35,0
DA:36,0
DA:38,0
DA:43,0
DA:46,0
DA:49,0
DA:51,0
DA:53,0
DA:56,0
DA:57,0
DA:58,0
DA:64,0
DA:66,0
DA:70,0
DA:71,0
DA:74,0
LF:21
LH:0
end_of_record
SF:lib/core/api/base/base_remote_data.dart
DA:20,0
DA:31,0
DA:37,0
DA:39,0
DA:40,0
DA:45,0
DA:46,0
DA:50,0
DA:55,0
DA:57,0
DA:58,0
DA:62,0
DA:63,0
DA:67,0
DA:73,0
DA:75,0
DA:76,0
DA:77,0
DA:81,0
DA:83,0
DA:88,0
DA:89,0
DA:93,0
DA:101,0
DA:103,0
DA:104,0
DA:105,0
DA:109,0
DA:111,0
DA:112,0
DA:117,0
DA:118,0
DA:122,0
DA:126,0
DA:127,0
DA:133,0
DA:134,0
DA:135,0
DA:136,0
DA:137,0
DA:138,0
DA:143,0
DA:144,0
DA:154,0
DA:155,0
DA:156,0
DA:159,0
DA:163,0
DA:164,0
DA:165,0
DA:174,0
DA:175,0
DA:176,0
DA:178,0
DA:179,0
DA:180,0
DA:181,0
DA:185,0
DA:186,0
DA:187,0
DA:188,0
DA:192,0
DA:197,0
DA:199,0
DA:200,0
DA:201,0
DA:202,0
DA:204,0
DA:205,0
LF:69
LH:0
end_of_record
SF:lib/types/error/failures.dart
DA:6,1
DA:8,1
DA:9,1
LF:3
LH:3
end_of_record
SF:lib/types/result.dart
DA:7,2
DA:9,0
DA:10,0
DA:12,4
DA:13,2
LF:5
LH:3
end_of_record
SF:lib/core/api/auth/repositories/auth_repository.dart
DA:20,1
DA:22,1
DA:24,2
DA:29,0
DA:31,0
DA:32,0
DA:35,0
DA:38,0
DA:43,0
DA:46,1
DA:48,2
DA:50,2
LF:12
LH:6
end_of_record
SF:lib/core/api/base/base_local_storage.dart
DA:7,0
DA:8,0
DA:9,0
DA:10,0
DA:12,0
DA:15,0
DA:16,0
LF:7
LH:0
end_of_record
SF:lib/utils/path_helper.dart
DA:10,0
DA:13,0
DA:14,0
DA:17,0
DA:18,0
DA:19,0
DA:21,0
DA:22,0
DA:25,0
DA:26,0
DA:29,0
DA:30,0
DA:34,0
DA:37,0
DA:40,0
DA:43,0
DA:46,0
DA:49,0
LF:18
LH:0
end_of_record
SF:lib/injection/injection_container.dart
DA:6,0
DA:8,0
DA:13,0
LF:3
LH:0
end_of_record
SF:lib/utils/dio/dio_configuration.dart
DA:28,0
DA:35,0
DA:37,0
DA:38,0
DA:39,0
DA:40,0
DA:41,0
DA:42,0
DA:43,0
DA:46,0
DA:53,0
DA:57,0
DA:58,0
DA:61,0
DA:63,0
DA:64,0
DA:71,0
DA:72,0
DA:73,0
DA:75,0
DA:76,0
DA:78,0
DA:80,0
DA:81,0
DA:82,0
DA:83,0
DA:86,0
DA:88,0
DA:89,0
DA:92,0
DA:93,0
DA:95,0
DA:96,0
DA:99,0
DA:102,0
DA:103,0
DA:106,0
DA:109,0
DA:112,0
DA:119,0
DA:123,0
DA:124,0
DA:127,0
DA:128,0
DA:130,0
DA:131,0
DA:133,0
DA:137,0
DA:138,0
DA:141,0
DA:145,0
DA:148,0
DA:149,0
DA:150,0
DA:155,0
DA:157,0
DA:160,0
DA:161,0
DA:162,0
DA:164,0
DA:169,0
DA:177,0
DA:178,0
LF:63
LH:0
end_of_record
SF:lib/utils/extensions/duration_extension.dart
DA:2,0
DA:3,0
DA:6,0
DA:7,0
DA:10,0
DA:11,0
LF:6
LH:0
end_of_record
SF:lib/core/api/chat/datasources/chat_remote_datasource.dart
DA:38,0
DA:42,0
DA:47,0
DA:49,0
DA:52,0
DA:53,0
DA:55,0
DA:59,0
DA:62,0
DA:65,0
DA:70,0
DA:72,0
DA:75,0
DA:76,0
DA:78,0
DA:82,0
DA:85,0
DA:88,0
DA:91,0
DA:92,0
DA:93,0
DA:94,0
DA:95,0
DA:96,0
DA:100,0
DA:101,0
DA:105,0
DA:106,0
DA:107,0
DA:115,0
DA:120,0
DA:122,0
DA:125,0
DA:126,0
DA:129,0
DA:132,0
DA:134,0
DA:135,0
DA:138,0
DA:139,0
DA:142,0
DA:145,0
DA:147,0
DA:148,0
DA:151,0
DA:152,0
DA:153,0
DA:157,0
DA:158,0
DA:162,0
DA:165,0
DA:170,0
DA:171,0
DA:172,0
DA:175,0
DA:176,0
DA:177,0
DA:181,0
DA:182,0
DA:186,0
DA:189,0
DA:194,0
DA:195,0
DA:196,0
DA:199,0
DA:200,0
DA:201,0
DA:205,0
DA:206,0
DA:210,0
DA:213,0
DA:215,0
DA:216,0
DA:219,0
DA:220,0
DA:221,0
DA:225,0
DA:226,0
DA:230,0
LF:79
LH:0
end_of_record
SF:lib/utils/encrypt/encrypt.dart
DA:5,0
DA:9,0
DA:10,0
DA:18,0
DA:25,0
DA:27,0
LF:6
LH:0
end_of_record
SF:lib/core/api/chat/repositories/chat_repository.dart
DA:34,0
DA:38,0
DA:44,0
DA:52,0
DA:58,0
DA:66,0
DA:68,0
DA:75,0
DA:77,0
DA:84,0
DA:89,0
DA:97,0
DA:102,0
DA:110,0
DA:115,0
DA:123,0
DA:125,0
LF:17
LH:0
end_of_record
SF:lib/core/api/messages/datasources/message_remote_datasource.dart
DA:34,0
DA:38,0
DA:44,0
DA:45,0
DA:46,0
DA:49,0
DA:50,0
DA:51,0
DA:52,0
DA:54,0
DA:55,0
DA:62,0
DA:63,0
DA:67,0
DA:70,0
DA:71,0
DA:73,0
DA:74,0
DA:75,0
DA:76,0
DA:78,0
DA:84,0
DA:90,0
DA:92,0
DA:93,0
DA:94,0
DA:97,0
DA:98,0
DA:99,0
DA:103,0
DA:104,0
DA:108,0
DA:114,0
DA:115,0
DA:116,0
DA:117,0
DA:120,0
DA:121,0
DA:122,0
DA:126,0
DA:127,0
DA:131,0
DA:135,0
DA:136,0
DA:139,0
DA:140,0
DA:143,0
DA:144,0
LF:48
LH:0
end_of_record
SF:lib/core/api/messages/repositories/message_repository.dart
DA:28,0
DA:32,0
DA:35,0
DA:40,0
DA:46,0
DA:51,0
DA:58,0
DA:67,0
DA:73,0
LF:9
LH:0
end_of_record
SF:lib/core/api/rooms/datasources/room_remote_datesource.dart
DA:23,0
DA:27,0
DA:29,0
DA:31,0
DA:34,0
DA:35,0
DA:36,0
DA:39,0
DA:42,0
DA:44,0
DA:45,0
DA:48,0
DA:49,0
DA:50,0
DA:51,0
DA:54,0
DA:57,0
DA:59,0
DA:60,0
DA:61,0
DA:64,0
DA:65,0
DA:66,0
DA:67,0
DA:68,0
DA:73,0
DA:76,0
DA:78,0
DA:80,0
DA:83,0
DA:84,0
DA:87,0
LF:32
LH:0
end_of_record
SF:lib/types/error/app_exception.dart
DA:54,0
DA:58,0
DA:59,0
DA:60,0
DA:63,0
LF:5
LH:0
end_of_record
SF:lib/types/internals/models/create_room_params.dart
DA:8,0
LF:1
LH:0
end_of_record
SF:lib/core/api/rooms/repositories/room_repository.dart
DA:19,0
DA:21,0
DA:23,0
DA:25,0
DA:27,0
DA:28,0
DA:34,0
DA:36,0
DA:41,0
DA:43,0
DA:45,0
DA:47,0
DA:48,0
DA:54,0
DA:57,0
DA:63,0
DA:69,0
DA:71,0
DA:72,0
DA:73,0
DA:74,0
DA:77,0
DA:79,0
DA:80,0
DA:82,0
LF:25
LH:0
end_of_record
SF:lib/core/api/user/datasources/user_remote_datasource.dart
DA:38,0
DA:40,0
DA:42,0
DA:46,0
DA:47,0
DA:48,0
DA:51,0
DA:54,0
DA:60,0
DA:62,0
DA:71,0
DA:72,0
DA:75,0
DA:77,0
DA:81,0
DA:83,0
DA:85,0
DA:86,0
DA:87,0
DA:90,0
DA:93,0
DA:95,0
DA:97,0
DA:100,0
DA:101,0
DA:104,0
DA:107,0
DA:109,0
DA:110,0
DA:111,0
DA:114,0
DA:115,0
DA:118,0
DA:121,0
DA:123,0
DA:124,0
DA:127,0
DA:128,0
DA:131,0
DA:134,0
DA:140,0
DA:142,0
DA:145,0
DA:146,0
DA:148,0
DA:149,0
DA:153,0
LF:47
LH:0
end_of_record
SF:lib/core/api/user/repositories/user_repository.dart
DA:30,1
DA:32,1
DA:34,2
DA:39,1
DA:41,2
DA:48,1
DA:50,2
DA:55,1
DA:60,2
DA:68,1
DA:71,2
DA:76,1
DA:78,2
DA:83,0
DA:89,0
LF:15
LH:13
end_of_record
SF:lib/core/webrtc/webrtc_manager_impl.dart
DA:31,0
DA:58,0
DA:63,0
DA:64,0
DA:66,0
DA:67,0
DA:68,0
DA:70,0
DA:73,0
DA:75,0
DA:76,0
DA:77,0
DA:82,0
DA:85,0
DA:86,0
DA:88,0
DA:90,0
DA:93,0
DA:95,0
DA:97,0
DA:98,0
DA:99,0
DA:101,0
DA:105,0
DA:107,0
DA:110,0
DA:112,0
DA:113,0
DA:117,0
DA:120,0
DA:122,0
DA:123,0
DA:126,0
DA:127,0
DA:128,0
DA:129,0
DA:130,0
DA:131,0
DA:132,0
DA:133,0
DA:134,0
DA:136,0
DA:137,0
DA:139,0
DA:141,0
DA:143,0
DA:145,0
DA:146,0
DA:149,0
DA:150,0
DA:151,0
DA:152,0
DA:153,0
DA:155,0
DA:158,0
DA:160,0
DA:165,0
DA:167,0
DA:169,0
DA:171,0
DA:174,0
DA:176,0
DA:177,0
DA:180,0
DA:181,0
DA:184,0
DA:185,0
DA:186,0
DA:189,0
DA:193,0
DA:195,0
DA:196,0
DA:197,0
DA:200,0
DA:203,0
DA:208,0
DA:210,0
DA:212,0
DA:214,0
DA:217,0
DA:220,0
DA:221,0
DA:223,0
DA:225,0
DA:227,0
DA:231,0
DA:233,0
DA:234,0
DA:236,0
DA:240,0
DA:245,0
DA:246,0
DA:249,0
DA:251,0
DA:253,0
DA:258,0
DA:260,0
DA:262,0
DA:265,0
DA:267,0
DA:272,0
DA:273,0
DA:274,0
DA:275,0
DA:276,0
DA:280,0
DA:282,0
DA:284,0
DA:288,0
DA:291,0
DA:292,0
DA:293,0
DA:296,0
DA:297,0
DA:298,0
DA:302,0
DA:304,0
DA:305,0
DA:306,0
DA:307,0
DA:310,0
DA:315,0
DA:317,0
DA:319,0
DA:321,0
DA:323,0
DA:324,0
DA:327,0
DA:328,0
DA:332,0
DA:334,0
DA:336,0
DA:338,0
DA:339,0
DA:340,0
DA:343,0
DA:344,0
DA:348,0
DA:349,0
DA:352,0
DA:354,0
DA:355,0
DA:356,0
DA:361,0
DA:366,0
DA:367,0
DA:371,0
DA:373,0
DA:374,0
DA:377,0
DA:378,0
DA:380,0
DA:385,0
DA:386,0
DA:389,0
DA:390,0
DA:392,0
DA:398,0
DA:399,0
DA:402,0
DA:404,0
DA:405,0
DA:406,0
DA:411,0
DA:413,0
DA:415,0
DA:417,0
DA:420,0
DA:421,0
DA:423,0
DA:424,0
DA:428,0
DA:431,0
DA:433,0
DA:434,0
DA:438,0
DA:440,0
DA:442,0
DA:444,0
DA:446,0
DA:448,0
DA:452,0
DA:455,0
DA:457,0
DA:458,0
DA:461,0
DA:463,0
DA:465,0
DA:466,0
DA:469,0
DA:471,0
DA:473,0
DA:474,0
DA:477,0
DA:479,0
DA:480,0
DA:481,0
DA:482,0
DA:483,0
DA:487,0
DA:488,0
DA:492,0
DA:494,0
DA:496,0
DA:497,0
DA:500,0
DA:502,0
DA:504,0
DA:508,0
DA:510,0
DA:512,0
DA:514,0
DA:517,0
DA:518,0
DA:519,0
DA:520,0
DA:525,0
DA:528,0
DA:529,0
DA:530,0
DA:533,0
DA:537,0
DA:538,0
DA:541,0
DA:543,0
DA:544,0
DA:547,0
DA:548,0
DA:549,0
DA:552,0
DA:553,0
DA:555,0
DA:560,0
DA:565,0
DA:567,0
DA:572,0
DA:575,0
DA:577,0
DA:581,0
DA:583,0
DA:585,0
DA:586,0
DA:589,0
DA:591,0
DA:594,0
DA:599,0
DA:601,0
DA:602,0
DA:604,0
DA:607,0
DA:609,0
DA:610,0
DA:613,0
DA:618,0
DA:620,0
DA:621,0
DA:622,0
DA:625,0
DA:630,0
DA:632,0
DA:633,0
DA:634,0
DA:637,0
DA:642,0
DA:644,0
DA:645,0
DA:647,0
DA:650,0
DA:654,0
DA:655,0
DA:656,0
DA:659,0
DA:662,0
DA:666,0
DA:667,0
DA:668,0
DA:669,0
DA:673,0
DA:674,0
DA:676,0
DA:677,0
DA:682,0
DA:684,0
DA:685,0
DA:686,0
DA:690,0
DA:691,0
DA:693,0
DA:694,0
DA:696,0
DA:697,0
DA:701,0
DA:703,0
DA:704,0
DA:707,0
DA:708,0
DA:712,0
DA:713,0
DA:716,0
DA:720,0
DA:721,0
DA:724,0
DA:725,0
DA:731,0
DA:732,0
DA:738,0
DA:741,0
DA:745,0
DA:746,0
DA:747,0
DA:748,0
DA:749,0
DA:753,0
DA:755,0
DA:756,0
DA:758,0
DA:767,0
DA:775,0
DA:779,0
DA:780,0
DA:781,0
DA:786,0
DA:791,0
DA:792,0
DA:794,0
DA:795,0
DA:796,0
DA:798,0
DA:802,0
DA:803,0
DA:805,0
DA:806,0
DA:808,0
DA:809,0
DA:810,0
DA:815,0
DA:817,0
DA:818,0
DA:819,0
DA:822,0
DA:823,0
DA:827,0
DA:828,0
DA:829,0
DA:830,0
DA:831,0
DA:837,0
DA:839,0
DA:841,0
DA:842,0
DA:843,0
DA:847,0
DA:849,0
DA:852,0
DA:854,0
DA:856,0
DA:857,0
DA:858,0
DA:859,0
DA:860,0
DA:861,0
DA:864,0
DA:866,0
DA:868,0
DA:869,0
DA:872,0
DA:873,0
DA:875,0
DA:876,0
DA:877,0
DA:881,0
DA:885,0
DA:887,0
DA:888,0
DA:889,0
DA:894,0
DA:896,0
DA:897,0
DA:898,0
DA:904,0
DA:908,0
DA:910,0
DA:913,0
DA:915,0
DA:919,0
DA:921,0
DA:926,0
DA:928,0
DA:931,0
DA:932,0
DA:933,0
DA:934,0
DA:935,0
DA:936,0
DA:937,0
DA:938,0
DA:939,0
DA:942,0
DA:943,0
DA:945,0
DA:947,0
DA:948,0
DA:949,0
DA:950,0
DA:952,0
DA:955,0
DA:958,0
DA:959,0
DA:960,0
DA:965,0
DA:966,0
DA:968,0
DA:969,0
DA:970,0
DA:971,0
DA:972,0
DA:974,0
DA:978,0
DA:979,0
DA:981,0
DA:982,0
DA:983,0
DA:988,0
DA:992,0
DA:993,0
DA:999,0
DA:1001,0
DA:1002,0
DA:1004,0
DA:1006,0
DA:1008,0
DA:1012,0
DA:1014,0
DA:1015,0
DA:1020,0
DA:1022,0
DA:1025,0
DA:1026,0
DA:1028,0
DA:1029,0
DA:1032,0
DA:1034,0
DA:1037,0
DA:1038,0
DA:1043,0
DA:1049,0
DA:1050,0
DA:1053,0
DA:1058,0
DA:1059,0
DA:1060,0
DA:1062,0
DA:1064,0
DA:1066,0
DA:1068,0
DA:1070,0
DA:1074,0
DA:1078,0
DA:1080,0
DA:1081,0
DA:1082,0
DA:1086,0
DA:1088,0
DA:1092,0
DA:1093,0
DA:1097,0
DA:1099,0
DA:1100,0
DA:1101,0
DA:1105,0
DA:1107,0
DA:1110,0
DA:1112,0
DA:1116,0
DA:1121,0
DA:1122,0
DA:1124,0
LF:477
LH:0
end_of_record
SF:lib/e2ee/e2ee_manager.dart
DA:22,0
DA:28,0
DA:29,0
DA:30,0
DA:32,0
DA:37,0
DA:39,0
DA:42,0
DA:44,0
DA:46,0
DA:48,0
DA:50,0
DA:52,0
DA:53,0
DA:55,0
DA:56,0
DA:59,0
DA:60,0
DA:63,0
DA:64,0
DA:65,0
DA:68,0
DA:69,0
DA:70,0
DA:71,0
DA:75,0
DA:79,0
DA:84,0
DA:86,0
DA:89,0
DA:90,0
DA:92,0
DA:93,0
DA:95,0
DA:96,0
DA:99,0
DA:100,0
DA:103,0
DA:104,0
DA:105,0
DA:108,0
DA:109,0
DA:110,0
DA:111,0
DA:115,0
DA:119,0
DA:121,0
DA:123,0
DA:127,0
DA:128,0
DA:129,0
DA:130,0
DA:134,0
DA:135,0
DA:136,0
DA:137,0
DA:139,0
DA:141,0
LF:58
LH:0
end_of_record
SF:lib/native/native_channel.dart
DA:12,0
DA:13,0
DA:15,0
DA:19,0
DA:22,0
DA:23,0
DA:25,0
DA:28,0
DA:29,0
DA:31,0
DA:34,0
DA:35,0
DA:37,0
DA:42,0
DA:43,0
DA:45,0
DA:47,0
DA:49,0
DA:52,0
DA:53,0
DA:56,0
LF:21
LH:0
end_of_record
SF:lib/native/replaykit.dart
DA:12,0
DA:13,0
DA:15,0
DA:16,0
DA:17,0
DA:18,0
DA:19,0
DA:24,0
DA:25,0
DA:27,0
DA:30,0
DA:31,0
DA:33,0
LF:13
LH:0
end_of_record
SF:lib/stats/webrtc_audio_stats.dart
DA:15,0
DA:16,0
DA:19,0
DA:24,0
DA:25,0
DA:28,0
DA:29,0
DA:30,0
DA:33,0
DA:37,0
DA:38,0
DA:44,0
DA:45,0
DA:46,0
DA:49,0
DA:51,0
DA:54,0
DA:55,0
DA:56,0
DA:58,0
DA:59,0
DA:64,0
DA:65,0
DA:66,0
DA:67,0
DA:68,0
DA:72,0
DA:76,0
DA:78,0
DA:79,0
DA:80,0
DA:81,0
DA:83,0
DA:85,0
DA:86,0
DA:87,0
DA:91,0
DA:92,0
DA:93,0
DA:97,0
LF:40
LH:0
end_of_record
SF:lib/stats/webrtc_video_stats.dart
DA:29,0
DA:31,0
DA:33,0
DA:34,0
DA:35,0
DA:39,0
DA:45,0
DA:47,0
DA:54,0
DA:55,0
DA:58,0
DA:63,0
DA:70,0
DA:71,0
DA:74,0
DA:75,0
DA:77,0
DA:78,0
DA:80,0
DA:81,0
DA:84,0
DA:85,0
DA:86,0
DA:88,0
DA:90,0
DA:92,0
DA:94,0
DA:95,0
DA:97,0
DA:100,0
DA:103,0
DA:104,0
DA:105,0
DA:106,0
DA:109,0
DA:110,0
DA:113,0
DA:115,0
DA:116,0
DA:117,0
DA:118,0
DA:119,0
DA:120,0
DA:121,0
DA:122,0
DA:123,0
DA:126,0
DA:129,0
DA:130,0
DA:133,0
DA:139,0
DA:140,0
DA:141,0
DA:143,0
DA:144,0
DA:147,0
DA:148,0
DA:150,0
DA:153,0
DA:155,0
DA:156,0
DA:157,0
DA:158,0
DA:159,0
DA:161,0
DA:162,0
DA:165,0
DA:168,0
DA:171,0
DA:177,0
DA:180,0
DA:181,0
DA:182,0
DA:183,0
DA:184,0
DA:185,0
DA:186,0
DA:187,0
DA:188,0
DA:189,0
DA:190,0
DA:191,0
DA:192,0
DA:193,0
DA:194,0
DA:195,0
DA:197,0
DA:198,0
DA:199,0
DA:200,0
DA:201,0
DA:202,0
DA:203,0
DA:204,0
DA:207,0
DA:208,0
DA:210,0
DA:211,0
DA:212,0
DA:213,0
DA:217,0
DA:219,0
DA:220,0
DA:221,0
DA:222,0
DA:224,0
DA:230,0
DA:232,0
DA:233,0
DA:234,0
DA:235,0
DA:236,0
DA:237,0
DA:238,0
DA:239,0
DA:240,0
DA:241,0
DA:242,0
DA:243,0
DA:244,0
DA:245,0
DA:246,0
DA:247,0
DA:248,0
DA:249,0
DA:250,0
DA:251,0
DA:252,0
DA:253,0
DA:254,0
DA:255,0
DA:256,0
DA:257,0
DA:259,0
DA:260,0
DA:264,0
DA:266,0
DA:267,0
DA:268,0
DA:269,0
DA:270,0
DA:276,0
LF:142
LH:0
end_of_record
SF:lib/utils/extensions/pc_extension.dart
DA:10,0
DA:16,0
DA:18,0
DA:19,0
DA:20,0
DA:22,0
DA:26,0
DA:28,0
DA:31,0
DA:33,0
DA:38,0
DA:40,0
DA:42,0
DA:43,0
DA:45,0
DA:48,0
DA:54,0
DA:59,0
DA:60,0
DA:62,0
DA:63,0
DA:64,0
DA:65,0
DA:66,0
DA:67,0
DA:68,0
DA:73,0
DA:75,0
DA:76,0
DA:77,0
DA:78,0
DA:79,0
DA:82,0
DA:89,0
DA:90,0
DA:91,0
DA:92,0
DA:94,0
DA:98,0
DA:99,0
DA:100,0
DA:101,0
DA:102,0
DA:105,0
DA:108,0
DA:110,0
DA:112,0
DA:116,0
DA:121,0
DA:123,0
DA:126,0
LF:51
LH:0
end_of_record
SF:lib/utils/extensions/sdp_extension.dart
DA:5,0
DA:6,0
DA:30,0
DA:31,0
DA:33,0
DA:35,0
DA:36,0
DA:37,0
DA:39,0
DA:41,0
DA:42,0
DA:43,0
DA:46,0
LF:13
LH:0
end_of_record
SF:lib/utils/extensions/string_extension.dart
DA:2,0
DA:3,0
DA:4,0
LF:3
LH:0
end_of_record
SF:lib/utils/logger/logger.dart
DA:13,0
DA:16,0
DA:19,0
DA:22,0
DA:26,0
DA:28,0
DA:29,0
DA:32,0
LF:8
LH:0
end_of_record
SF:lib/core/websocket/ws_emitter_impl.dart
DA:13,0
DA:15,0
DA:18,0
DA:20,0
DA:23,0
DA:28,0
DA:34,0
DA:36,0
DA:39,0
DA:41,0
DA:44,0
DA:46,0
DA:50,0
DA:52,0
DA:55,0
DA:60,0
DA:62,0
DA:67,0
DA:69,0
DA:72,0
DA:74,0
DA:77,0
DA:79,0
DA:82,0
DA:84,0
DA:89,0
DA:92,0
DA:95,0
DA:97,0
DA:100,0
DA:102,0
DA:106,0
LF:32
LH:0
end_of_record
SF:lib/core/websocket/ws_handler_impl.dart
DA:23,0
DA:32,0
DA:39,0
DA:40,0
DA:44,0
DA:46,0
DA:48,0
DA:49,0
DA:50,0
DA:51,0
DA:52,0
DA:53,0
DA:54,0
DA:55,0
DA:58,0
DA:59,0
DA:60,0
DA:62,0
DA:64,0
DA:66,0
DA:68,0
DA:69,0
DA:71,0
DA:75,0
DA:76,0
DA:79,0
DA:84,0
DA:85,0
DA:86,0
DA:88,0
DA:89,0
DA:90,0
DA:91,0
DA:92,0
DA:96,0
DA:97,0
DA:99,0
DA:102,0
DA:104,0
DA:105,0
DA:109,0
DA:110,0
DA:113,0
DA:115,0
DA:116,0
DA:117,0
DA:118,0
DA:119,0
DA:120,0
DA:121,0
DA:122,0
DA:123,0
DA:124,0
DA:128,0
DA:131,0
DA:133,0
DA:137,0
DA:138,0
DA:140,0
DA:141,0
DA:142,0
DA:143,0
DA:144,0
DA:149,0
DA:151,0
DA:152,0
DA:153,0
DA:154,0
DA:158,0
DA:160,0
DA:161,0
DA:162,0
DA:166,0
DA:168,0
DA:169,0
DA:170,0
DA:174,0
DA:176,0
DA:177,0
DA:178,0
DA:182,0
DA:185,0
DA:186,0
DA:190,0
DA:192,0
DA:193,0
DA:194,0
DA:199,0
DA:200,0
DA:202,0
DA:205,0
DA:207,0
DA:208,0
DA:209,0
DA:214,0
DA:215,0
DA:220,0
DA:221,0
DA:223,0
DA:224,0
DA:225,0
DA:226,0
DA:228,0
DA:233,0
DA:235,0
DA:236,0
DA:237,0
DA:238,0
DA:240,0
DA:245,0
DA:247,0
DA:248,0
DA:249,0
DA:254,0
DA:256,0
DA:258,0
DA:259,0
DA:262,0
DA:264,0
DA:265,0
DA:271,0
DA:272,0
DA:274,0
DA:275,0
LF:124
LH:0
end_of_record
SF:lib/utils/msg_pack_parser.dart
DA:9,0
DA:11,0
DA:12,0
DA:17,0
DA:19,0
DA:20,0
DA:21,0
DA:22,0
DA:23,0
DA:24,0
DA:25,0
DA:27,0
DA:31,0
DA:32,0
DA:33,0
DA:34,0
DA:36,0
DA:37,0
LF:18
LH:0
end_of_record
SF:lib/e2ee/key_provider.dart
DA:33,0
DA:56,0
DA:57,0
DA:63,0
DA:64,0
DA:66,0
DA:68,0
DA:70,0
DA:79,0
DA:82,0
DA:84,0
DA:85,0
DA:91,0
DA:92,0
DA:95,0
DA:97,0
DA:98,0
DA:101,0
DA:103,0
DA:104,0
DA:106,0
DA:107,0
DA:110,0
DA:112,0
DA:113,0
DA:115,0
DA:118,0
DA:120,0
DA:125,0
DA:127,0
DA:132,0
DA:138,0
DA:139,0
DA:141,0
DA:144,0
DA:146,0
DA:149,0
DA:155,0
DA:156,0
DA:162,0
DA:163,0
DA:164,0
DA:166,0
DA:167,0
DA:169,0
DA:170,0
DA:171,0
DA:172,0
DA:173,0
DA:174,0
DA:178,0
DA:180,0
LF:52
LH:0
end_of_record
SF:lib/utils/callkit/callkit_listener.dart
DA:13,0
DA:18,0
DA:19,0
DA:22,0
DA:25,0
DA:26,0
DA:28,0
DA:30,0
DA:32,0
DA:34,0
DA:35,0
DA:37,0
DA:39,0
DA:41,0
DA:43,0
DA:44,0
DA:45,0
DA:47,0
DA:49,0
DA:51,0
DA:53,0
DA:55,0
DA:60,0
LF:23
LH:0
end_of_record
SF:lib/waterbus_event_listener.dart
DA:12,0
DA:19,0
DA:25,0
DA:26,0
DA:27,0
DA:28,0
DA:29,0
LF:7
LH:0
end_of_record
SF:lib/waterbus_sdk_impl.dart
DA:36,0
DA:50,0
DA:52,0
DA:54,0
DA:56,0
DA:57,0
DA:62,0
DA:68,0
DA:69,0
DA:77,0
DA:83,0
DA:85,0
DA:86,0
DA:89,0
DA:90,0
DA:93,0
DA:96,0
DA:97,0
DA:100,0
DA:102,0
DA:103,0
DA:104,0
DA:107,0
DA:108,0
DA:109,0
DA:110,0
DA:112,0
DA:114,0
DA:116,0
DA:120,0
DA:126,0
DA:127,0
DA:135,0
DA:137,0
DA:140,0
DA:143,0
DA:144,0
DA:146,0
DA:150,0
DA:152,0
DA:153,0
DA:154,0
DA:155,0
DA:160,0
DA:162,0
DA:165,0
DA:167,0
DA:170,0
DA:172,0
DA:175,0
DA:177,0
DA:180,0
DA:182,0
DA:185,0
DA:187,0
DA:190,0
DA:192,0
DA:195,0
DA:197,0
DA:200,0
DA:202,0
DA:203,0
DA:204,0
DA:205,0
DA:207,0
DA:211,0
DA:214,0
DA:215,0
DA:217,0
DA:220,0
DA:224,0
DA:229,0
DA:235,0
DA:237,0
DA:240,0
DA:245,0
DA:249,0
DA:251,0
DA:254,0
DA:259,0
DA:265,0
DA:270,0
DA:276,0
DA:281,0
DA:287,0
DA:292,0
DA:295,0
DA:297,0
DA:300,0
DA:302,0
DA:305,0
DA:310,0
DA:314,0
DA:320,0
DA:327,0
DA:332,0
DA:338,0
DA:343,0
DA:349,0
DA:351,0
DA:355,0
DA:357,0
DA:360,0
DA:362,0
DA:365,0
DA:369,0
DA:372,0
DA:376,0
DA:379,0
DA:381,0
DA:384,0
DA:389,0
DA:395,0
DA:401,0
DA:409,0
DA:411,0
DA:413,0
DA:414,0
DA:420,0
DA:422,0
DA:424,0
DA:427,0
DA:429,0
DA:433,0
DA:438,0
DA:440,0
DA:445,0
DA:449,0
DA:451,0
DA:453,0
DA:457,0
DA:458,0
LF:132
LH:0
end_of_record
SF:lib/native/picture-in-picture/pip_stub.dart
DA:1,0
LF:1
LH:0
end_of_record
SF:lib/native/virtual_background/virtual_background_app.dart
DA:5,0
DA:9,0
DA:15,0
DA:16,0
LF:4
LH:0
end_of_record
SF:lib/types/internals/models/rtc_participant_stats.dart
DA:11,0
LF:1
LH:0
end_of_record
SF:lib/types/internals/models/stats.dart
DA:24,0
DA:31,0
DA:57,0
DA:61,0
DA:88,0
DA:90,0
DA:93,0
DA:95,0
DA:98,0
DA:99,0
DA:103,0
DA:108,0
DA:127,0
DA:143,0
DA:165,0
DA:167,0
DA:178,0
DA:187,0
DA:189,0
DA:193,0
DA:202,0
DA:203,0
DA:208,0
DA:209,0
DA:212,0
DA:213,0
DA:216,0
DA:226,0
DA:227,0
DA:233,0
DA:234,0
DA:237,0
DA:238,0
DA:241,0
DA:242,0
DA:243,0
DA:244,0
DA:245,0
DA:250,0
DA:251,0
DA:252,0
LF:41
LH:0
end_of_record
SF:lib/types/externals/enums/audio_level.dart
DA:18,0
DA:19,0
DA:23,0
LF:3
LH:0
end_of_record
SF:lib/types/externals/enums/room_role.dart
DA:15,1
DA:17,1
DA:19,1
DA:22,2
LF:4
LH:4
end_of_record
SF:lib/types/externals/enums/member_status_enum.dart
DA:16,1
DA:18,1
DA:20,1
DA:22,1
DA:25,2
LF:5
LH:5
end_of_record
SF:lib/types/externals/enums/message_status_enum.dart
DA:16,0
DA:18,0
DA:20,0
DA:22,0
LF:4
LH:0
end_of_record
SF:lib/types/externals/enums/rtc_video_codec.dart
DA:23,0
DA:24,0
DA:25,0
DA:27,0
DA:28,0
DA:29,0
DA:39,0
DA:40,0
DA:41,0
DA:42,0
DA:43,0
DA:44,0
LF:12
LH:0
end_of_record
SF:lib/types/externals/enums/sending_status_enum.dart
DA:18,0
DA:20,0
DA:22,0
DA:24,0
LF:4
LH:0
end_of_record
SF:lib/types/externals/enums/status_message.dart
DA:20,0
DA:22,0
DA:24,0
DA:26,0
LF:4
LH:0
end_of_record
SF:lib/types/externals/enums/status_seen_message_enum.dart
DA:16,0
DA:18,0
DA:20,0
DA:22,0
LF:4
LH:0
end_of_record
SF:lib/types/externals/models/audio_config.dart
DA:16,0
DA:17,0
LF:2
LH:0
end_of_record
SF:lib/types/externals/models/audio_config.g.dart
DA:9,0
DA:10,0
DA:11,0
DA:12,0
DA:13,0
DA:14,0
DA:17,0
DA:18,0
DA:19,0
DA:20,0
DA:21,0
DA:22,0
DA:23,0
LF:13
LH:0
end_of_record
SF:lib/types/externals/models/auth_payload.dart
DA:13,0
DA:14,0
LF:2
LH:0
end_of_record
SF:lib/types/externals/models/auth_payload.g.dart
DA:9,0
DA:10,0
DA:11,0
DA:14,0
DA:15,0
DA:16,0
DA:17,0
LF:7
LH:0
end_of_record
SF:lib/types/externals/models/participant_sfu.dart
DA:33,0
DA:55,0
DA:67,0
DA:70,0
DA:76,0
DA:78,0
DA:80,0
DA:86,0
DA:87,0
DA:89,0
DA:91,0
DA:94,0
DA:95,0
DA:98,0
DA:99,0
DA:102,0
DA:104,0
DA:106,0
DA:110,0
DA:112,0
DA:114,0
DA:118,0
DA:119,0
DA:120,0
DA:122,0
DA:126,0
DA:131,0
DA:133,0
DA:135,0
DA:141,0
DA:143,0
DA:147,0
DA:152,0
DA:157,0
DA:160,0
DA:161,0
DA:162,0
DA:169,0
DA:170,0
DA:173,0
DA:174,0
DA:175,0
DA:176,0
DA:177,0
DA:178,0
DA:179,0
DA:184,0
DA:186,0
DA:187,0
DA:189,0
DA:190,0
LF:51
LH:0
end_of_record
SF:lib/types/externals/models/conversation_socket_event.dart
DA:9,0
LF:1
LH:0
end_of_record
SF:lib/types/externals/models/media_config.dart
DA:21,0
DA:22,0
DA:26,0
DA:27,0
DA:28,0
DA:29,0
DA:30,0
DA:31,0
DA:32,0
DA:34,0
DA:35,0
DA:41,0
DA:42,0
DA:44,0
DA:45,0
DA:46,0
DA:47,0
DA:50,0
DA:51,0
DA:52,0
DA:55,0
DA:56,0
DA:57,0
LF:23
LH:0
end_of_record
SF:lib/types/externals/models/media_config.g.dart
DA:9,0
DA:10,0
DA:12,0
DA:13,0
DA:15,0
DA:16,0
DA:19,0
DA:20,0
DA:21,0
DA:22,0
DA:23,0
LF:11
LH:0
end_of_record
SF:lib/types/externals/models/room.dart
DA:23,2
DA:27,1
DA:28,1
DA:29,1
DA:30,1
DA:31,1
DA:35,1
DA:41,4
DA:43,1
DA:44,2
DA:46,2
DA:48,1
DA:49,5
DA:50,1
DA:51,9
DA:53,1
DA:54,1
DA:55,1
DA:56,4
DA:57,1
DA:58,1
DA:62,1
DA:63,2
LF:23
LH:23
end_of_record
SF:lib/types/externals/models/room.g.dart
DA:9,2
DA:10,2
DA:11,1
DA:12,1
DA:13,1
DA:14,1
DA:16,1
DA:17,3
DA:18,1
DA:20,1
DA:21,1
DA:23,2
DA:24,1
DA:26,0
DA:27,2
DA:29,1
DA:31,0
DA:32,1
DA:35,2
DA:36,1
DA:37,1
DA:38,3
DA:39,5
DA:40,1
DA:41,2
DA:42,1
DA:43,2
DA:44,1
DA:45,1
LF:29
LH:27
end_of_record
SF:lib/types/externals/models/message.dart
DA:26,0
DA:27,0
DA:31,0
LF:3
LH:0
end_of_record
SF:lib/types/externals/models/message.g.dart
DA:9,0
DA:10,0
DA:11,0
DA:12,0
DA:13,0
DA:15,0
DA:16,0
DA:17,0
DA:19,0
DA:20,0
DA:21,0
DA:22,0
DA:25,0
DA:26,0
DA:27,0
DA:28,0
DA:29,0
DA:30,0
DA:31,0
DA:32,0
DA:33,0
DA:34,0
LF:22
LH:0
end_of_record
SF:lib/types/externals/models/member.dart
DA:22,2
DA:24,0
DA:25,0
DA:26,0
DA:27,0
DA:28,0
DA:29,0
DA:30,0
DA:31,0
DA:32,0
DA:34,0
LF:11
LH:1
end_of_record
SF:lib/types/externals/models/member.g.dart
DA:9,2
DA:10,2
DA:11,2
DA:12,2
DA:13,1
DA:14,2
DA:15,2
DA:19,2
DA:20,1
DA:21,2
DA:22,2
DA:23,1
DA:24,2
DA:25,2
LF:14
LH:14
end_of_record
SF:lib/types/externals/models/user.dart
DA:17,8
LF:1
LH:1
end_of_record
SF:lib/types/externals/models/user.g.dart
DA:9,8
DA:10,8
DA:11,4
DA:12,4
DA:13,4
DA:14,4
DA:15,4
DA:18,6
DA:19,3
DA:20,3
DA:21,3
DA:22,3
DA:23,3
DA:24,3
LF:14
LH:14
end_of_record
SF:lib/types/externals/models/participant.dart
DA:16,1
DA:17,1
DA:21,1
DA:22,4
LF:4
LH:4
end_of_record
SF:lib/types/externals/models/participant.g.dart
DA:9,2
DA:10,2
DA:11,1
DA:13,2
DA:14,1
DA:17,1
DA:18,1
DA:19,1
DA:20,2
DA:21,1
LF:10
LH:10
end_of_record
SF:lib/types/externals/models/media_source.dart
DA:13,0
DA:19,0
DA:22,0
DA:27,0
DA:28,0
DA:29,0
DA:30,0
DA:33,0
DA:34,0
DA:35,0
DA:42,0
DA:46,0
DA:47,0
DA:48,0
DA:55,0
DA:56,0
DA:57,0
DA:58,0
DA:59,0
DA:60,0
DA:63,0
DA:65,0
DA:67,0
DA:68,0
DA:71,0
DA:72,0
DA:74,0
DA:76,0
DA:77,0
DA:78,0
DA:82,0
DA:85,0
DA:88,0
DA:90,0
DA:93,0
DA:94,0
DA:95,0
DA:96,0
DA:100,0
DA:101,0
DA:104,0
DA:105,0
DA:108,0
DA:109,0
DA:110,0
DA:114,0
DA:120,0
DA:121,0
DA:122,0
DA:124,0
DA:125,0
DA:129,0
DA:131,0
DA:134,0
DA:138,0
DA:139,0
DA:140,0
DA:141,0
DA:144,0
DA:146,0
DA:147,0
DA:148,0
DA:149,0
LF:63
LH:0
end_of_record
SF:lib/types/externals/models/message_socket_event.dart
DA:8,0
LF:1
LH:0
end_of_record
SF:lib/types/externals/models/subscribe_payload.dart
DA:14,0
DA:15,0
LF:2
LH:0
end_of_record
SF:lib/types/externals/models/subscribe_payload.g.dart
DA:9,0
DA:10,0
DA:11,0
DA:12,0
DA:13,0
DA:16,0
DA:17,0
DA:18,0
DA:19,0
DA:20,0
LF:10
LH:0
end_of_record
SF:lib/types/externals/models/video_config.dart
DA:17,0
DA:18,0
LF:2
LH:0
end_of_record
SF:lib/types/externals/models/video_config.g.dart
DA:9,0
DA:10,0
DA:12,0
DA:14,0
DA:15,0
DA:19,0
DA:20,0
DA:21,0
DA:22,0
DA:23,0
LF:10
LH:0
end_of_record
SF:lib/types/externals/models/video_quality.dart
DA:14,0
DA:15,0
LF:2
LH:0
end_of_record
SF:lib/types/externals/models/video_quality.g.dart
DA:9,0
DA:10,0
DA:11,0
DA:12,0
DA:13,0
DA:16,0
DA:17,0
DA:18,0
DA:19,0
DA:20,0
LF:10
LH:0
end_of_record
SF:lib/types/internals/models/int_converter.dart
DA:4,48
DA:6,1
DA:8,1
DA:10,1
DA:15,1
LF:5
LH:5
end_of_record
SF:lib/types/internals/enums/video_quality_enum.dart
DA:14,0
DA:15,0
DA:20,0
DA:25,0
LF:4
LH:0
end_of_record
SF:lib/types/internals/enums/track_type.dart
DA:7,0
DA:9,0
DA:10,0
LF:3
LH:0
end_of_record
SF:lib/types/internals/models/subtitle.dart
DA:13,0
DA:14,0
LF:2
LH:0
end_of_record
SF:lib/types/internals/models/subtitle.g.dart
DA:9,0
DA:10,0
DA:11,0
DA:14,0
DA:15,0
DA:16,0
LF:6
LH:0
end_of_record
SF:lib/types/internals/models/subscribe_response.dart
DA:15,0
LF:1
LH:0
end_of_record
SF:lib/types/internals/models/publish_ws_emitter_payload.dart
DA:18,0
DA:19,0
LF:2
LH:0
end_of_record
SF:lib/types/internals/models/publish_ws_emitter_payload.g.dart
DA:9,0
DA:11,0
DA:12,0
DA:13,0
DA:14,0
DA:15,0
DA:16,0
DA:17,0
DA:18,0
DA:21,0
DA:23,0
DA:24,0
DA:25,0
DA:26,0
DA:27,0
DA:28,0
DA:29,0
DA:30,0
LF:18
LH:0
end_of_record
SF:lib/types/internals/models/participant_screen_sharing_config.dart
DA:15,0
DA:16,0
LF:2
LH:0
end_of_record
SF:lib/types/internals/models/participant_screen_sharing_config.g.dart
DA:9,0
DA:11,0
DA:12,0
DA:13,0
DA:14,0
DA:17,0
DA:19,0
DA:20,0
DA:21,0
DA:22,0
LF:10
LH:0
end_of_record
SF:lib/utils/codec_selector.dart
DA:4,0
DA:11,0
DA:12,0
DA:20,0
DA:24,0
DA:25,0
DA:26,0
DA:27,0
DA:28,0
DA:29,0
DA:31,0
DA:32,0
DA:33,0
DA:34,0
DA:35,0
DA:39,0
DA:41,0
DA:42,0
DA:43,0
DA:44,0
DA:48,0
DA:50,0
DA:51,0
DA:54,0
DA:55,0
DA:56,0
DA:59,0
DA:60,0
DA:61,0
DA:62,0
DA:68,0
DA:69,0
DA:70,0
DA:74,0
DA:75,0
DA:77,0
DA:78,0
DA:82,0
DA:83,0
DA:84,0
DA:85,0
DA:86,0
DA:89,0
DA:93,0
DA:97,0
DA:98,0
DA:99,0
DA:100,0
DA:104,0
DA:105,0
DA:106,0
DA:107,0
DA:108,0
DA:113,0
LF:54
LH:0
end_of_record
SF:lib/utils/queues/completer_queue.dart
DA:7,0
DA:8,0
DA:11,0
DA:12,0
DA:13,0
DA:18,0
DA:19,0
DA:20,0
LF:8
LH:0
end_of_record
SF:lib/utils/encrypt/aes_256_gcm.dart
DA:16,0
DA:17,0
DA:18,0
DA:19,0
DA:20,0
DA:22,0
DA:23,0
DA:29,0
DA:31,0
DA:35,0
DA:36,0
DA:37,0
DA:38,0
DA:39,0
DA:41,0
DA:43,0
DA:44,0
DA:46,0
DA:48,0
DA:53,0
DA:57,0
DA:58,0
DA:59,0
DA:61,0
DA:64,0
DA:65,0
DA:73,0
DA:74,0
DA:75,0
DA:77,0
DA:78,0
LF:31
LH:0
end_of_record
SF:lib/utils/replaykit/replaykit_helper.dart
DA:6,0
DA:7,0
LF:2
LH:0
end_of_record
